<?xml version="1.0" encoding="UTF-8"?>
<testsuite name="com.example.iq5.DateDeserializerTest" tests="3" skipped="0" failures="0" errors="0" timestamp="2025-12-17T13:04:46.994Z" hostname="DESKTOP-NH61KMC" time="0.061">
  <properties/>
  <testcase name="testDateDeserializerWithMicroseconds" classname="com.example.iq5.DateDeserializerTest" time="0.057"/>
  <testcase name="testDateDeserializerWithoutFraction" classname="com.example.iq5.DateDeserializerTest" time="0.002"/>
  <testcase name="testDateDeserializerWithMilliseconds" classname="com.example.iq5.DateDeserializerTest" time="0.001"/>
  <system-out><![CDATA[✅ Successfully parsed date with microseconds: Wed Dec 17 21:27:40 ICT 2025
✅ Successfully parsed date without fraction: Wed Dec 17 19:29:31 ICT 2025
✅ Successfully parsed date with milliseconds: Wed Dec 17 19:29:31 ICT 2025
]]></system-out>
  <system-err><![CDATA[]]></system-err>
</testsuite>
